# JRE version: OpenJDK Runtime Environment (8.0_345-b01) (build 1.8.0_345-b01)
# Java VM: OpenJDK 64-Bit Server VM (25.345-b01 mixed mode linux-amd64 compressed oops)
Heap:
 PSYoungGen      total 282624K, used 75882K [0x00000000eab00000, 0x00000000fc280000, 0x0000000100000000)
  eden space 279040K, 27% used [0x00000000eab00000,0x00000000ef51a8e0,0x00000000fbb80000)
  from space 3584K, 0% used [0x00000000fbb80000,0x00000000fbb80000,0x00000000fbf00000)
  to   space 3584K, 0% used [0x00000000fbf00000,0x00000000fbf00000,0x00000000fc280000)
 ParOldGen       total 310272K, used 88117K [0x00000000c0000000, 0x00000000d2f00000, 0x00000000eab00000)
  object space 310272K, 28% used [0x00000000c0000000,0x00000000c560d748,0x00000000d2f00000)
 Metaspace       used 92901K, capacity 101092K, committed 101572K, reserved 1136640K
  class space    used 11107K, capacity 13661K, committed 13824K, reserved 1048576K
GC Heap History (10 events):
Event: 4031,399 GC heap before
{Heap before GC invocations=150 (full 65):
 PSYoungGen      total 280576K, used 278016K [0x00000000eab00000, 0x00000000fbf80000, 0x0000000100000000)
  eden space 278016K, 100% used [0x00000000eab00000,0x00000000fba80000,0x00000000fba80000)
  from space 2560K, 0% used [0x00000000fbd00000,0x00000000fbd00000,0x00000000fbf80000)
  to   space 2560K, 0% used [0x00000000fba80000,0x00000000fba80000,0x00000000fbd00000)
 ParOldGen       total 310272K, used 86689K [0x00000000c0000000, 0x00000000d2f00000, 0x00000000eab00000)
  object space 310272K, 27% used [0x00000000c0000000,0x00000000c54a84a0,0x00000000d2f00000)
 Metaspace       used 92509K, capacity 100542K, committed 100932K, reserved 1136640K
  class space    used 11065K, capacity 13628K, committed 13696K, reserved 1048576K
Event: 4031,410 GC heap after
Heap after GC invocations=150 (full 65):
 PSYoungGen      total 280576K, used 2530K [0x00000000eab00000, 0x00000000fc280000, 0x0000000100000000)
  eden space 278016K, 0% used [0x00000000eab00000,0x00000000eab00000,0x00000000fba80000)
  from space 2560K, 98% used [0x00000000fba80000,0x00000000fbcf8818,0x00000000fbd00000)
  to   space 3584K, 0% used [0x00000000fbf00000,0x00000000fbf00000,0x00000000fc280000)
 ParOldGen       total 310272K, used 87375K [0x00000000c0000000, 0x00000000d2f00000, 0x00000000eab00000)
  object space 310272K, 28% used [0x00000000c0000000,0x00000000c5553d58,0x00000000d2f00000)
 Metaspace       used 92509K, capacity 100542K, committed 100932K, reserved 1136640K
  class space    used 11065K, capacity 13628K, committed 13696K, reserved 1048576K
}
Event: 4034,720 GC heap before
{Heap before GC invocations=151 (full 65):
 PSYoungGen      total 280576K, used 7573K [0x00000000eab00000, 0x00000000fc280000, 0x0000000100000000)
  eden space 278016K, 1% used [0x00000000eab00000,0x00000000eafece20,0x00000000fba80000)
  from space 2560K, 98% used [0x00000000fba80000,0x00000000fbcf8818,0x00000000fbd00000)
  to   space 3584K, 0% used [0x00000000fbf00000,0x00000000fbf00000,0x00000000fc280000)
 ParOldGen       total 310272K, used 87375K [0x00000000c0000000, 0x00000000d2f00000, 0x00000000eab00000)
  object space 310272K, 28% used [0x00000000c0000000,0x00000000c5553d58,0x00000000d2f00000)
 Metaspace       used 92509K, capacity 100542K, committed 100932K, reserved 1136640K
  class space    used 11065K, capacity 13628K, committed 13696K, reserved 1048576K
Event: 4034,723 GC heap after
Heap after GC invocations=151 (full 65):
 PSYoungGen      total 282624K, used 2562K [0x00000000eab00000, 0x00000000fc280000, 0x0000000100000000)
  eden space 279040K, 0% used [0x00000000eab00000,0x00000000eab00000,0x00000000fbb80000)
  from space 3584K, 71% used [0x00000000fbf00000,0x00000000fc180818,0x00000000fc280000)
  to   space 3584K, 0% used [0x00000000fbb80000,0x00000000fbb80000,0x00000000fbf00000)
 ParOldGen       total 310272K, used 87383K [0x00000000c0000000, 0x00000000d2f00000, 0x00000000eab00000)
  object space 310272K, 28% used [0x00000000c0000000,0x00000000c5555d58,0x00000000d2f00000)
 Metaspace       used 92509K, capacity 100542K, committed 100932K, reserved 1136640K
  class space    used 11065K, capacity 13628K, committed 13696K, reserved 1048576K
}
Event: 4034,723 GC heap before
{Heap before GC invocations=152 (full 66):
 PSYoungGen      total 282624K, used 2562K [0x00000000eab00000, 0x00000000fc280000, 0x0000000100000000)
  eden space 279040K, 0% used [0x00000000eab00000,0x00000000eab00000,0x00000000fbb80000)
  from space 3584K, 71% used [0x00000000fbf00000,0x00000000fc180818,0x00000000fc280000)
  to   space 3584K, 0% used [0x00000000fbb80000,0x00000000fbb80000,0x00000000fbf00000)
 ParOldGen       total 310272K, used 87383K [0x00000000c0000000, 0x00000000d2f00000, 0x00000000eab00000)
  object space 310272K, 28% used [0x00000000c0000000,0x00000000c5555d58,0x00000000d2f00000)
 Metaspace       used 92509K, capacity 100542K, committed 100932K, reserved 1136640K
  class space    used 11065K, capacity 13628K, committed 13696K, reserved 1048576K
Event: 4034,910 GC heap after
Heap after GC invocations=152 (full 66):
 PSYoungGen      total 282624K, used 0K [0x00000000eab00000, 0x00000000fc280000, 0x0000000100000000)
  eden space 279040K, 0% used [0x00000000eab00000,0x00000000eab00000,0x00000000fbb80000)
  from space 3584K, 0% used [0x00000000fbf00000,0x00000000fbf00000,0x00000000fc280000)
  to   space 3584K, 0% used [0x00000000fbb80000,0x00000000fbb80000,0x00000000fbf00000)
 ParOldGen       total 310272K, used 88135K [0x00000000c0000000, 0x00000000d2f00000, 0x00000000eab00000)
  object space 310272K, 28% used [0x00000000c0000000,0x00000000c5611d78,0x00000000d2f00000)
 Metaspace       used 92509K, capacity 100542K, committed 100932K, reserved 1136640K
  class space    used 11065K, capacity 13628K, committed 13696K, reserved 1048576K
}
Event: 4094,721 GC heap before
{Heap before GC invocations=153 (full 66):
 PSYoungGen      total 282624K, used 16396K [0x00000000eab00000, 0x00000000fc280000, 0x0000000100000000)
  eden space 279040K, 5% used [0x00000000eab00000,0x00000000ebb03218,0x00000000fbb80000)
  from space 3584K, 0% used [0x00000000fbf00000,0x00000000fbf00000,0x00000000fc280000)
  to   space 3584K, 0% used [0x00000000fbb80000,0x00000000fbb80000,0x00000000fbf00000)
 ParOldGen       total 310272K, used 88135K [0x00000000c0000000, 0x00000000d2f00000, 0x00000000eab00000)
  object space 310272K, 28% used [0x00000000c0000000,0x00000000c5611d78,0x00000000d2f00000)
 Metaspace       used 92510K, capacity 100542K, committed 100932K, reserved 1136640K
  class space    used 11065K, capacity 13628K, committed 13696K, reserved 1048576K
Event: 4094,728 GC heap after
Heap after GC invocations=153 (full 66):
 PSYoungGen      total 282624K, used 160K [0x00000000eab00000, 0x00000000fc280000, 0x0000000100000000)
  eden space 279040K, 0% used [0x00000000eab00000,0x00000000eab00000,0x00000000fbb80000)
  from space 3584K, 4% used [0x00000000fbb80000,0x00000000fbba8000,0x00000000fbf00000)
  to   space 3584K, 0% used [0x00000000fbf00000,0x00000000fbf00000,0x00000000fc280000)
 ParOldGen       total 310272K, used 88135K [0x00000000c0000000, 0x00000000d2f00000, 0x00000000eab00000)
  object space 310272K, 28% used [0x00000000c0000000,0x00000000c5611d78,0x00000000d2f00000)
 Metaspace       used 92510K, capacity 100542K, committed 100932K, reserved 1136640K
  class space    used 11065K, capacity 13628K, committed 13696K, reserved 1048576K
}
Event: 4094,728 GC heap before
{Heap before GC invocations=154 (full 67):
 PSYoungGen      total 282624K, used 160K [0x00000000eab00000, 0x00000000fc280000, 0x0000000100000000)
  eden space 279040K, 0% used [0x00000000eab00000,0x00000000eab00000,0x00000000fbb80000)
  from space 3584K, 4% used [0x00000000fbb80000,0x00000000fbba8000,0x00000000fbf00000)
  to   space 3584K, 0% used [0x00000000fbf00000,0x00000000fbf00000,0x00000000fc280000)
 ParOldGen       total 310272K, used 88135K [0x00000000c0000000, 0x00000000d2f00000, 0x00000000eab00000)
  object space 310272K, 28% used [0x00000000c0000000,0x00000000c5611d78,0x00000000d2f00000)
 Metaspace       used 92510K, capacity 100542K, committed 100932K, reserved 1136640K
  class space    used 11065K, capacity 13628K, committed 13696K, reserved 1048576K
Event: 4094,838 GC heap after
Heap after GC invocations=154 (full 67):
 PSYoungGen      total 282624K, used 0K [0x00000000eab00000, 0x00000000fc280000, 0x0000000100000000)
  eden space 279040K, 0% used [0x00000000eab00000,0x00000000eab00000,0x00000000fbb80000)
  from space 3584K, 0% used [0x00000000fbb80000,0x00000000fbb80000,0x00000000fbf00000)
  to   space 3584K, 0% used [0x00000000fbf00000,0x00000000fbf00000,0x00000000fc280000)
 ParOldGen       total 310272K, used 88117K [0x00000000c0000000, 0x00000000d2f00000, 0x00000000eab00000)
  object space 310272K, 28% used [0x00000000c0000000,0x00000000c560d748,0x00000000d2f00000)
 Metaspace       used 92510K, capacity 100542K, committed 100932K, reserved 1136640K
  class space    used 11065K, capacity 13628K, committed 13696K, reserved 1048576K
}

